Determining if the pthread_create exist failed with the following output:
Change Dir: /home/workspace/catkin_ws/build/CMakeFiles/CMakeTmp

Run Build Command:"/usr/bin/make" "cmTC_78008/fast"
/usr/bin/make -f CMakeFiles/cmTC_78008.dir/build.make CMakeFiles/cmTC_78008.dir/build
make[1]: Entering directory '/home/workspace/catkin_ws/build/CMakeFiles/CMakeTmp'
Building C object CMakeFiles/cmTC_78008.dir/CheckSymbolExists.c.o
/usr/bin/cc    -o CMakeFiles/cmTC_78008.dir/CheckSymbolExists.c.o   -c /home/workspace/catkin_ws/build/CMakeFiles/CMakeTmp/CheckSymbolExists.c
Linking C executable cmTC_78008
/usr/local/bin/cmake -E cmake_link_script CMakeFiles/cmTC_78008.dir/link.txt --verbose=1
/usr/bin/cc      -rdynamic CMakeFiles/cmTC_78008.dir/CheckSymbolExists.c.o  -o cmTC_78008 
CMakeFiles/cmTC_78008.dir/CheckSymbolExists.c.o: In function `main':
CheckSymbolExists.c:(.text+0x16): undefined reference to `pthread_create'
collect2: error: ld returned 1 exit status
CMakeFiles/cmTC_78008.dir/build.make:86: recipe for target 'cmTC_78008' failed
make[1]: *** [cmTC_78008] Error 1
make[1]: Leaving directory '/home/workspace/catkin_ws/build/CMakeFiles/CMakeTmp'
Makefile:121: recipe for target 'cmTC_78008/fast' failed
make: *** [cmTC_78008/fast] Error 2

File /home/workspace/catkin_ws/build/CMakeFiles/CMakeTmp/CheckSymbolExists.c:
/* */
#include <pthread.h>

int main(int argc, char** argv)
{
  (void)argv;
#ifndef pthread_create
  return ((int*)(&pthread_create))[argc];
#else
  (void)argc;
  return 0;
#endif
}

Determining if the function pthread_create exists in the pthreads failed with the following output:
Change Dir: /home/workspace/catkin_ws/build/CMakeFiles/CMakeTmp

Run Build Command:"/usr/bin/make" "cmTC_06e4e/fast"
/usr/bin/make -f CMakeFiles/cmTC_06e4e.dir/build.make CMakeFiles/cmTC_06e4e.dir/build
make[1]: Entering directory '/home/workspace/catkin_ws/build/CMakeFiles/CMakeTmp'
Building C object CMakeFiles/cmTC_06e4e.dir/CheckFunctionExists.c.o
/usr/bin/cc   -DCHECK_FUNCTION_EXISTS=pthread_create   -o CMakeFiles/cmTC_06e4e.dir/CheckFunctionExists.c.o   -c /usr/local/share/cmake-3.13/Modules/CheckFunctionExists.c
Linking C executable cmTC_06e4e
/usr/local/bin/cmake -E cmake_link_script CMakeFiles/cmTC_06e4e.dir/link.txt --verbose=1
/usr/bin/cc  -DCHECK_FUNCTION_EXISTS=pthread_create    -rdynamic CMakeFiles/cmTC_06e4e.dir/CheckFunctionExists.c.o  -o cmTC_06e4e -lpthreads 
/usr/bin/ld: cannot find -lpthreads
collect2: error: ld returned 1 exit status
CMakeFiles/cmTC_06e4e.dir/build.make:86: recipe for target 'cmTC_06e4e' failed
make[1]: *** [cmTC_06e4e] Error 1
make[1]: Leaving directory '/home/workspace/catkin_ws/build/CMakeFiles/CMakeTmp'
Makefile:121: recipe for target 'cmTC_06e4e/fast' failed
make: *** [cmTC_06e4e/fast] Error 2


